Traceback (most recent call last):
  File "C:\ProgramData\Anaconda3\lib\site-packages\jupyter_cache\executors\utils.py", line 51, in single_nb_execution
    executenb(
  File "C:\Users\randa\AppData\Roaming\Python\Python39\site-packages\nbclient\client.py", line 1204, in execute
    return NotebookClient(nb=nb, resources=resources, km=km, **kwargs).execute()
  File "C:\Users\randa\AppData\Roaming\Python\Python39\site-packages\nbclient\util.py", line 84, in wrapped
    return just_run(coro(*args, **kwargs))
  File "C:\Users\randa\AppData\Roaming\Python\Python39\site-packages\nbclient\util.py", line 62, in just_run
    return loop.run_until_complete(coro)
  File "C:\ProgramData\Anaconda3\lib\asyncio\base_events.py", line 642, in run_until_complete
    return future.result()
  File "C:\Users\randa\AppData\Roaming\Python\Python39\site-packages\nbclient\client.py", line 663, in async_execute
    await self.async_execute_cell(
  File "C:\Users\randa\AppData\Roaming\Python\Python39\site-packages\nbclient\client.py", line 965, in async_execute_cell
    await self._check_raise_for_error(cell, cell_index, exec_reply)
  File "C:\Users\randa\AppData\Roaming\Python\Python39\site-packages\nbclient\client.py", line 862, in _check_raise_for_error
    raise CellExecutionError.from_cell_and_msg(cell, exec_reply_content)
nbclient.exceptions.CellExecutionError: An error occurred while executing the following cell:
------------------
A = [[-0.75, 0.25],[0.25, -0.75]]
x0 = [[1.0, 0.8], [-0.8, 0.5], [0.5, -1.0]]
T = 10
fig1, video1 = phase(A,'Negative Real Eigenvalues', stable=True, pos=[0.35,0.1])
video1
------------------

[1;31m---------------------------------------------------------------------------[0m
[1;31mRuntimeError[0m                              Traceback (most recent call last)
[1;32m~\AppData\Local\Temp\ipykernel_21852\4258189223.py[0m in [0;36m<cell line: 4>[1;34m()[0m
[0;32m      2[0m [0mx0[0m [1;33m=[0m [1;33m[[0m[1;33m[[0m[1;36m1.0[0m[1;33m,[0m [1;36m0.8[0m[1;33m][0m[1;33m,[0m [1;33m[[0m[1;33m-[0m[1;36m0.8[0m[1;33m,[0m [1;36m0.5[0m[1;33m][0m[1;33m,[0m [1;33m[[0m[1;36m0.5[0m[1;33m,[0m [1;33m-[0m[1;36m1.0[0m[1;33m][0m[1;33m][0m[1;33m[0m[1;33m[0m[0m
[0;32m      3[0m [0mT[0m [1;33m=[0m [1;36m10[0m[1;33m[0m[1;33m[0m[0m
[1;32m----> 4[1;33m [0mfig1[0m[1;33m,[0m [0mvideo1[0m [1;33m=[0m [0mphase[0m[1;33m([0m[0mA[0m[1;33m,[0m[1;34m'Negative Real Eigenvalues'[0m[1;33m,[0m [0mstable[0m[1;33m=[0m[1;32mTrue[0m[1;33m,[0m [0mpos[0m[1;33m=[0m[1;33m[[0m[1;36m0.35[0m[1;33m,[0m[1;36m0.1[0m[1;33m][0m[1;33m)[0m[1;33m[0m[1;33m[0m[0m
[0m[0;32m      5[0m [0mvideo1[0m[1;33m[0m[1;33m[0m[0m

[1;32m~\AppData\Local\Temp\ipykernel_21852\1872292838.py[0m in [0;36mphase[1;34m(A, figtitle, stable, pos)[0m
[0;32m     69[0m             [0max[0m[1;33m.[0m[0mannotate[0m[1;33m([0m[1;34mf'$v_{j}$'[0m[1;33m,[0m [0mV[0m[1;33m[[0m[1;33m:[0m[1;33m,[0m[0mj[0m[1;33m][0m[1;33m,[0m [0mcolor[0m[1;33m=[0m[0mcolor[0m[1;33m,[0m [0mfontsize[0m[1;33m=[0m[1;36m14[0m[1;33m)[0m[1;33m[0m[1;33m[0m[0m
[0;32m     70[0m [1;33m[0m[0m
[1;32m---> 71[1;33m     video = problem.phase(xlim, xlim, ax=ax, animated=ANIMATED,
[0m[0;32m     72[0m                           [0mx[0m[1;33m=[0m[0mnp[0m[1;33m.[0m[0marray[0m[1;33m([0m[1;33m[[0m[0mproblem[0m[1;33m.[0m[0mx[0m[1;33m.[0m[0mvalues[0m[1;33m.[0m[0mT[0m [1;32mfor[0m [0mproblem[0m [1;32min[0m [0mproblems[0m[1;33m][0m[1;33m)[0m[1;33m,[0m[1;33m[0m[1;33m[0m[0m
[0;32m     73[0m                           [0mtitle[0m[1;33m=[0m[0mfigtitle[0m[1;33m,[0m[1;33m[0m[1;33m[0m[0m

[1;32mC:\ProgramData\Anaconda3\lib\site-packages\compecon\ode.py[0m in [0;36mphase[1;34m(self, x1lim, x2lim, x, xstst, xnulls, ax, animated, xnulls_kw, xstst_kw, path_kw, **ax_kwargs)[0m
[0;32m    272[0m [1;33m[0m[0m
[0;32m    273[0m             [0mani[0m [1;33m=[0m [0mFuncAnimation[0m[1;33m([0m[0mfig[0m[1;33m,[0m [0manimate[0m[1;33m,[0m [0mframes[0m[1;33m=[0m[0mtotal_frames[0m[1;33m,[0m [0minterval[0m[1;33m=[0m[0minterval[0m[1;33m,[0m [0mrepeat[0m[1;33m=[0m[1;32mFalse[0m[1;33m)[0m[1;33m[0m[1;33m[0m[0m
[1;32m--> 274[1;33m             [1;32mreturn[0m [0mHTML[0m[1;33m([0m[0mani[0m[1;33m.[0m[0mto_html5_video[0m[1;33m([0m[1;33m)[0m[1;33m)[0m[1;33m[0m[1;33m[0m[0m
[0m[0;32m    275[0m [1;33m[0m[0m
[0;32m    276[0m         [1;32melse[0m[1;33m:[0m[1;33m[0m[1;33m[0m[0m

[1;32mC:\ProgramData\Anaconda3\lib\site-packages\matplotlib\animation.py[0m in [0;36mto_html5_video[1;34m(self, embed_limit)[0m
[0;32m   1262[0m                 [1;31m# We create a writer manually so that we can get the[0m[1;33m[0m[1;33m[0m[0m
[0;32m   1263[0m                 [1;31m# appropriate size for the tag[0m[1;33m[0m[1;33m[0m[0m
[1;32m-> 1264[1;33m                 [0mWriter[0m [1;33m=[0m [0mwriters[0m[1;33m[[0m[0mmpl[0m[1;33m.[0m[0mrcParams[0m[1;33m[[0m[1;34m'animation.writer'[0m[1;33m][0m[1;33m][0m[1;33m[0m[1;33m[0m[0m
[0m[0;32m   1265[0m                 writer = Writer(codec='h264',
[0;32m   1266[0m                                 [0mbitrate[0m[1;33m=[0m[0mmpl[0m[1;33m.[0m[0mrcParams[0m[1;33m[[0m[1;34m'animation.bitrate'[0m[1;33m][0m[1;33m,[0m[1;33m[0m[1;33m[0m[0m

[1;32mC:\ProgramData\Anaconda3\lib\site-packages\matplotlib\animation.py[0m in [0;36m__getitem__[1;34m(self, name)[0m
[0;32m    149[0m         [1;32mif[0m [0mself[0m[1;33m.[0m[0mis_available[0m[1;33m([0m[0mname[0m[1;33m)[0m[1;33m:[0m[1;33m[0m[1;33m[0m[0m
[0;32m    150[0m             [1;32mreturn[0m [0mself[0m[1;33m.[0m[0m_registered[0m[1;33m[[0m[0mname[0m[1;33m][0m[1;33m[0m[1;33m[0m[0m
[1;32m--> 151[1;33m         [1;32mraise[0m [0mRuntimeError[0m[1;33m([0m[1;34mf"Requested MovieWriter ({name}) not available"[0m[1;33m)[0m[1;33m[0m[1;33m[0m[0m
[0m[0;32m    152[0m [1;33m[0m[0m
[0;32m    153[0m [1;33m[0m[0m

[1;31mRuntimeError[0m: Requested MovieWriter (ffmpeg) not available
RuntimeError: Requested MovieWriter (ffmpeg) not available

