Traceback (most recent call last):
  File "C:\ProgramData\Anaconda3\lib\site-packages\jupyter_cache\executors\utils.py", line 51, in single_nb_execution
    executenb(
  File "C:\ProgramData\Anaconda3\lib\site-packages\nbclient\client.py", line 1204, in execute
    return NotebookClient(nb=nb, resources=resources, km=km, **kwargs).execute()
  File "C:\ProgramData\Anaconda3\lib\site-packages\nbclient\util.py", line 84, in wrapped
    return just_run(coro(*args, **kwargs))
  File "C:\ProgramData\Anaconda3\lib\site-packages\nbclient\util.py", line 62, in just_run
    return loop.run_until_complete(coro)
  File "C:\ProgramData\Anaconda3\lib\asyncio\base_events.py", line 642, in run_until_complete
    return future.result()
  File "C:\ProgramData\Anaconda3\lib\site-packages\nbclient\client.py", line 663, in async_execute
    await self.async_execute_cell(
  File "C:\ProgramData\Anaconda3\lib\site-packages\nbclient\client.py", line 965, in async_execute_cell
    await self._check_raise_for_error(cell, cell_index, exec_reply)
  File "C:\ProgramData\Anaconda3\lib\site-packages\nbclient\client.py", line 862, in _check_raise_for_error
    raise CellExecutionError.from_cell_and_msg(cell, exec_reply_content)
nbclient.exceptions.CellExecutionError: An error occurred while executing the following cell:
------------------
# Ploting Limits
x1lim = [-5, 4]
x2lim = [-6, 4]

# Compute Separatrix
T = 10;
problem2 = ODE(f,T,B,a,b)
problem2.spx()

x = np.array([problem.x.values.T for problem in problems])

# Compute Nullclines
x1 = np.linspace(*x1lim, 100)
xnulls = pd.DataFrame({'$x_1$ Nullcline': (x1**2-a)/2,
                       '$x_2$ Nullcline': b-x1},
                     index = x1)

# Plot Phase Diagram
fig, ax =  plt.subplots()

for txt, xy in zip('AB', [A,B]):
    ax.annotate(txt, xy + [0.1,0.2])
    
for i, xy in enumerate(x[:,:,0]):
    ax.annotate(str(i), xy+[0,0.20], color='C2', ha='center', fontsize=14)

problem.phase(x1lim, x2lim, 
              xnulls=xnulls, 
              xstst=np.r_[A,B],
              x=x,
              title='ODE Phase Diagram',
              ax=ax,
              animated=5  # requires ffmpeg for video, change to 0 for static image
             )
------------------

[1;31m---------------------------------------------------------------------------[0m
[1;31mRuntimeError[0m                              Traceback (most recent call last)
Input [1;32mIn [7][0m, in [0;36m<cell line: 27>[1;34m()[0m
[0;32m     24[0m [38;5;28;01mfor[39;00m i, xy [38;5;129;01min[39;00m [38;5;28menumerate[39m(x[:,:,[38;5;241m0[39m]):
[0;32m     25[0m     ax[38;5;241m.[39mannotate([38;5;28mstr[39m(i), xy[38;5;241m+[39m[[38;5;241m0[39m,[38;5;241m0.20[39m], color[38;5;241m=[39m[38;5;124m'[39m[38;5;124mC2[39m[38;5;124m'[39m, ha[38;5;241m=[39m[38;5;124m'[39m[38;5;124mcenter[39m[38;5;124m'[39m, fontsize[38;5;241m=[39m[38;5;241m14[39m)
[1;32m---> 27[0m [43mproblem[49m[38;5;241;43m.[39;49m[43mphase[49m[43m([49m[43mx1lim[49m[43m,[49m[43m [49m[43mx2lim[49m[43m,[49m[43m [49m
[0;32m     28[0m [43m              [49m[43mxnulls[49m[38;5;241;43m=[39;49m[43mxnulls[49m[43m,[49m[43m [49m
[0;32m     29[0m [43m              [49m[43mxstst[49m[38;5;241;43m=[39;49m[43mnp[49m[38;5;241;43m.[39;49m[43mr_[49m[43m[[49m[43mA[49m[43m,[49m[43mB[49m[43m][49m[43m,[49m
[0;32m     30[0m [43m              [49m[43mx[49m[38;5;241;43m=[39;49m[43mx[49m[43m,[49m
[0;32m     31[0m [43m              [49m[43mtitle[49m[38;5;241;43m=[39;49m[38;5;124;43m'[39;49m[38;5;124;43mODE Phase Diagram[39;49m[38;5;124;43m'[39;49m[43m,[49m
[0;32m     32[0m [43m              [49m[43max[49m[38;5;241;43m=[39;49m[43max[49m[43m,[49m
[0;32m     33[0m [43m              [49m[43manimated[49m[38;5;241;43m=[39;49m[38;5;241;43m5[39;49m[43m  [49m[38;5;66;43;03m# requires ffmpeg for video, change to 0 for static image[39;49;00m
[0;32m     34[0m [43m             [49m[43m)[49m

File [1;32mC:\ProgramData\Anaconda3\lib\site-packages\compecon\ode.py:274[0m, in [0;36mODE.phase[1;34m(self, x1lim, x2lim, x, xstst, xnulls, ax, animated, xnulls_kw, xstst_kw, path_kw, **ax_kwargs)[0m
[0;32m    271[0m         [38;5;28;01mreturn[39;00m line,
[0;32m    273[0m     ani [38;5;241m=[39m FuncAnimation(fig, animate, frames[38;5;241m=[39mtotal_frames, interval[38;5;241m=[39minterval, repeat[38;5;241m=[39m[38;5;28;01mFalse[39;00m)
[1;32m--> 274[0m     [38;5;28;01mreturn[39;00m HTML([43mani[49m[38;5;241;43m.[39;49m[43mto_html5_video[49m[43m([49m[43m)[49m)
[0;32m    276[0m [38;5;28;01melse[39;00m:
[0;32m    277[0m     [38;5;28;01mfor[39;00m line, xx [38;5;129;01min[39;00m [38;5;28mzip[39m(lines, x):

File [1;32mC:\ProgramData\Anaconda3\lib\site-packages\matplotlib\animation.py:1266[0m, in [0;36mAnimation.to_html5_video[1;34m(self, embed_limit)[0m
[0;32m   1263[0m path [38;5;241m=[39m Path(tmpdir, [38;5;124m"[39m[38;5;124mtemp.m4v[39m[38;5;124m"[39m)
[0;32m   1264[0m [38;5;66;03m# We create a writer manually so that we can get the[39;00m
[0;32m   1265[0m [38;5;66;03m# appropriate size for the tag[39;00m
[1;32m-> 1266[0m Writer [38;5;241m=[39m [43mwriters[49m[43m[[49m[43mmpl[49m[38;5;241;43m.[39;49m[43mrcParams[49m[43m[[49m[38;5;124;43m'[39;49m[38;5;124;43manimation.writer[39;49m[38;5;124;43m'[39;49m[43m][49m[43m][49m
[0;32m   1267[0m writer [38;5;241m=[39m Writer(codec[38;5;241m=[39m[38;5;124m'[39m[38;5;124mh264[39m[38;5;124m'[39m,
[0;32m   1268[0m                 bitrate[38;5;241m=[39mmpl[38;5;241m.[39mrcParams[[38;5;124m'[39m[38;5;124manimation.bitrate[39m[38;5;124m'[39m],
[0;32m   1269[0m                 fps[38;5;241m=[39m[38;5;241m1000.[39m [38;5;241m/[39m [38;5;28mself[39m[38;5;241m.[39m_interval)
[0;32m   1270[0m [38;5;28mself[39m[38;5;241m.[39msave([38;5;28mstr[39m(path), writer[38;5;241m=[39mwriter)

File [1;32mC:\ProgramData\Anaconda3\lib\site-packages\matplotlib\animation.py:151[0m, in [0;36mMovieWriterRegistry.__getitem__[1;34m(self, name)[0m
[0;32m    149[0m [38;5;28;01mif[39;00m [38;5;28mself[39m[38;5;241m.[39mis_available(name):
[0;32m    150[0m     [38;5;28;01mreturn[39;00m [38;5;28mself[39m[38;5;241m.[39m_registered[name]
[1;32m--> 151[0m [38;5;28;01mraise[39;00m [38;5;167;01mRuntimeError[39;00m([38;5;124mf[39m[38;5;124m"[39m[38;5;124mRequested MovieWriter ([39m[38;5;132;01m{[39;00mname[38;5;132;01m}[39;00m[38;5;124m) not available[39m[38;5;124m"[39m)

[1;31mRuntimeError[0m: Requested MovieWriter (ffmpeg) not available
RuntimeError: Requested MovieWriter (ffmpeg) not available

