Traceback (most recent call last):
  File "C:\ProgramData\Anaconda3\lib\site-packages\jupyter_cache\executors\utils.py", line 51, in single_nb_execution
    executenb(
  File "C:\Users\randa\AppData\Roaming\Python\Python39\site-packages\nbclient\client.py", line 1204, in execute
    return NotebookClient(nb=nb, resources=resources, km=km, **kwargs).execute()
  File "C:\Users\randa\AppData\Roaming\Python\Python39\site-packages\nbclient\util.py", line 84, in wrapped
    return just_run(coro(*args, **kwargs))
  File "C:\Users\randa\AppData\Roaming\Python\Python39\site-packages\nbclient\util.py", line 62, in just_run
    return loop.run_until_complete(coro)
  File "C:\ProgramData\Anaconda3\lib\asyncio\base_events.py", line 642, in run_until_complete
    return future.result()
  File "C:\Users\randa\AppData\Roaming\Python\Python39\site-packages\nbclient\client.py", line 663, in async_execute
    await self.async_execute_cell(
  File "C:\Users\randa\AppData\Roaming\Python\Python39\site-packages\nbclient\client.py", line 965, in async_execute_cell
    await self._check_raise_for_error(cell, cell_index, exec_reply)
  File "C:\Users\randa\AppData\Roaming\Python\Python39\site-packages\nbclient\client.py", line 862, in _check_raise_for_error
    raise CellExecutionError.from_cell_and_msg(cell, exec_reply_content)
nbclient.exceptions.CellExecutionError: An error occurred while executing the following cell:
------------------
t0 = tic()
x1 = F.newton(transform='minmax')
t1 = 100 * toc(t0)
n1 = F.fnorm
------------------

[1;31m---------------------------------------------------------------------------[0m
[1;31mTypeError[0m                                 Traceback (most recent call last)
[1;32m~\AppData\Local\Temp\ipykernel_15364\2654348719.py[0m in [0;36m<cell line: 2>[1;34m()[0m
[0;32m      1[0m [0mt0[0m [1;33m=[0m [0mtic[0m[1;33m([0m[1;33m)[0m[1;33m[0m[1;33m[0m[0m
[1;32m----> 2[1;33m [0mx1[0m [1;33m=[0m [0mF[0m[1;33m.[0m[0mnewton[0m[1;33m([0m[0mtransform[0m[1;33m=[0m[1;34m'minmax'[0m[1;33m)[0m[1;33m[0m[1;33m[0m[0m
[0m[0;32m      3[0m [0mt1[0m [1;33m=[0m [1;36m100[0m [1;33m*[0m [0mtoc[0m[1;33m([0m[0mt0[0m[1;33m)[0m[1;33m[0m[1;33m[0m[0m
[0;32m      4[0m [0mn1[0m [1;33m=[0m [0mF[0m[1;33m.[0m[0mfnorm[0m[1;33m[0m[1;33m[0m[0m

[1;32mC:\ProgramData\Anaconda3\lib\site-packages\compecon\nonlinear.py[0m in [0;36mnewton[1;34m(self, x0, **kwargs)[0m
[0;32m    199[0m         [0mself[0m[1;33m.[0m[0mopts[0m[1;33m.[0m[0mprint_header[0m[1;33m([0m[1;33m)[0m[1;33m[0m[1;33m[0m[0m
[0;32m    200[0m         [1;32mfor[0m [0mit[0m [1;32min[0m [0mrange[0m[1;33m([0m[0mmaxit[0m[1;33m)[0m[1;33m:[0m[1;33m[0m[1;33m[0m[0m
[1;32m--> 201[1;33m             [0mfx[0m[1;33m,[0m [0mJ[0m [1;33m=[0m [0mself[0m[1;33m.[0m[0mf[0m[1;33m([0m[0mx[0m[1;33m)[0m[1;33m[0m[1;33m[0m[0m
[0m[0;32m    202[0m             [1;32mif[0m [1;32mnot[0m [0missparse[0m[1;33m([0m[0mJ[0m[1;33m)[0m[1;33m:[0m  [1;31m#with sparse matrices doesn't work nice[0m[1;33m[0m[1;33m[0m[0m
[0;32m    203[0m                 [0mJ[0m [1;33m=[0m [0mnp[0m[1;33m.[0m[0matleast_2d[0m[1;33m([0m[0mJ[0m[1;33m)[0m[1;33m[0m[1;33m[0m[0m

[1;32mC:\ProgramData\Anaconda3\lib\site-packages\compecon\nonlinear.py[0m in [0;36m_ssmooth[1;34m(self, x)[0m
[0;32m    487[0m [1;33m[0m[0m
[0;32m    488[0m             [1;32mif[0m [0mnp[0m[1;33m.[0m[0many[0m[1;33m([0m[0mL[0m[1;33m)[0m[1;33m:[0m  [1;31m# apply the Fischer + transform[0m[1;33m[0m[1;33m[0m[0m
[1;32m--> 489[1;33m                 [0mfx[0m[1;33m[[0m[0mL[0m[1;33m][0m[1;33m,[0m [0mJ[0m[1;33m[[0m[1;33m:[0m[1;33m,[0m [0mL[0m[1;33m][0m [1;33m=[0m [0mfischer[0m[1;33m([0m[0mfx[0m[1;33m[[0m[0mL[0m[1;33m][0m[1;33m,[0m [0mda[0m[1;33m[[0m[0mL[0m[1;33m][0m[1;33m,[0m [0mJ[0m[1;33m[[0m[1;33m:[0m[1;33m,[0m [0mL[0m[1;33m][0m[1;33m,[0m [0mI[0m[1;33m[[0m[1;33m:[0m[1;33m,[0m [0mL[0m[1;33m][0m[1;33m)[0m[1;33m[0m[1;33m[0m[0m
[0m[0;32m    490[0m             [1;32mif[0m [0mnp[0m[1;33m.[0m[0many[0m[1;33m([0m[0mU[0m[1;33m)[0m[1;33m:[0m  [1;31m# apply the Fischer - transform[0m[1;33m[0m[1;33m[0m[0m
[0;32m    491[0m                 [0mfx[0m[1;33m[[0m[0mU[0m[1;33m][0m[1;33m,[0m [0mJ[0m[1;33m[[0m[1;33m:[0m[1;33m,[0m [0mU[0m[1;33m][0m [1;33m=[0m [0mfischer[0m[1;33m([0m[0mfx[0m[1;33m[[0m[0mU[0m[1;33m][0m[1;33m,[0m [0mdb[0m[1;33m[[0m[0mU[0m[1;33m][0m[1;33m,[0m [0mJ[0m[1;33m[[0m[1;33m:[0m[1;33m,[0m [0mU[0m[1;33m][0m[1;33m,[0m [0mI[0m[1;33m[[0m[1;33m:[0m[1;33m,[0m [0mU[0m[1;33m][0m[1;33m,[0m [1;32mFalse[0m[1;33m)[0m[1;33m[0m[1;33m[0m[0m

[1;31mTypeError[0m: only integer scalar arrays can be converted to a scalar index
TypeError: only integer scalar arrays can be converted to a scalar index

